<<<<<<< HEAD
Started by user [8mha:////4GQCzjRwjZOb63HArq7n3oCLlNDs7X3lP4HJoG1nGr3QAAAAlx+LCAAAAAAAAP9b85aBtbiIQTGjNKU4P08vOT+vOD8nVc83PyU1x6OyILUoJzMv2y+/JJUBAhiZGBgqihhk0NSjKDWzXb3RdlLBUSYGJk8GtpzUvPSSDB8G5tKinBIGIZ+sxLJE/ZzEvHT94JKizLx0a6BxUmjGOUNodHsLgAzWEgZu/dLi1CL9xJTczDwAj6GcLcAAAAA=[0mAdmin
org.codehaus.groovy.control.MultipleCompilationErrorsException: startup failed:
WorkflowScript: 10: Expected a stage @ line 10, column 17.
                   for (int i = 0; i < minParallelExec; i++) {
                   ^

WorkflowScript: 20: Not a valid stage section definition: "def maximalNumber = randNumbers.max()". Some extra configuration is required. @ line 20, column 9.
           stage('Save Maximal Number') {
           ^

WorkflowScript: 20: Unknown stage section "println". Starting with version 0.5, steps in a stage must be in a â€˜stepsâ€™ block. @ line 20, column 9.
           stage('Save Maximal Number') {
           ^

WorkflowScript: 9: No stages specified @ line 9, column 13.
               parallel {
               ^

WorkflowScript: 9: No stages specified @ line 9, column 13.
               parallel {
               ^

WorkflowScript: 20: Expected one of "steps", "stages", or "parallel" for stage "Save Maximal Number" @ line 20, column 9.
           stage('Save Maximal Number') {
           ^

6 errors

	at org.codehaus.groovy.control.ErrorCollector.failIfErrors(ErrorCollector.java:309)
	at org.codehaus.groovy.control.CompilationUnit.applyToPrimaryClassNodes(CompilationUnit.java:1107)
	at org.codehaus.groovy.control.CompilationUnit.doPhaseOperation(CompilationUnit.java:624)
	at org.codehaus.groovy.control.CompilationUnit.processPhaseOperations(CompilationUnit.java:602)
	at org.codehaus.groovy.control.CompilationUnit.compile(CompilationUnit.java:579)
	at groovy.lang.GroovyClassLoader.doParseClass(GroovyClassLoader.java:323)
	at groovy.lang.GroovyClassLoader.parseClass(GroovyClassLoader.java:293)
	at org.jenkinsci.plugins.scriptsecurity.sandbox.groovy.GroovySandbox$Scope.parse(GroovySandbox.java:163)
	at org.jenkinsci.plugins.workflow.cps.CpsGroovyShell.doParse(CpsGroovyShell.java:190)
	at org.jenkinsci.plugins.workflow.cps.CpsGroovyShell.reparse(CpsGroovyShell.java:175)
	at org.jenkinsci.plugins.workflow.cps.CpsFlowExecution.parseScript(CpsFlowExecution.java:563)
	at org.jenkinsci.plugins.workflow.cps.CpsFlowExecution.start(CpsFlowExecution.java:513)
	at org.jenkinsci.plugins.workflow.job.WorkflowRun.run(WorkflowRun.java:336)
	at hudson.model.ResourceController.execute(ResourceController.java:101)
	at hudson.model.Executor.run(Executor.java:442)
Finished: FAILURE
=======
version https://git-lfs.github.com/spec/v1
oid sha256:adc5ee531cf2f4a68e0cab918bf9c3445537c17f124bfa5ec3fa8eb19f9ac786
size 2613
>>>>>>> 01a95f3 (jenkins pipelines A-B)
